Start testing: Jan 02 02:13 CET
----------------------------------------------------------
1/1 Testing: tests
1/1 Test: tests
Command: "/mnt/c/private/NaukaZmackiem/Queue/cmake-build-debug/kolejka/tests"
Directory: /mnt/c/private/NaukaZmackiem/Queue/cmake-build-debug
"tests" start time: Jan 02 02:13 CET
Output:
----------------------------------------------------------
Running main() from gmock_main.cc
[==========] Running 11 tests from 1 test suite.
[----------] Global test environment set-up.
[----------] 11 tests from QueueTest
[ RUN      ] QueueTest.TestingQueueWithOneInsertAndCheckSize
[       OK ] QueueTest.TestingQueueWithOneInsertAndCheckSize (0 ms)
[ RUN      ] QueueTest.WhenCapacityIsTooLowShouldThrowException
[       OK ] QueueTest.WhenCapacityIsTooLowShouldThrowException (0 ms)
[ RUN      ] QueueTest.TestingWhatIsInTheFirstPlaceOnArray
[       OK ] QueueTest.TestingWhatIsInTheFirstPlaceOnArray (0 ms)
[ RUN      ] QueueTest.TestingSizeQueueShouldBeTHREE
[       OK ] QueueTest.TestingSizeQueueShouldBeTHREE (0 ms)
[ RUN      ] QueueTest.WhenInsertTwoElementsAndPopOneShouldReturnSizeIsOne
[       OK ] QueueTest.WhenInsertTwoElementsAndPopOneShouldReturnSizeIsOne (0 ms)
[ RUN      ] QueueTest.WhenInsertTwoElementsAndPopTwoShouldReturnSizeIsZero
[       OK ] QueueTest.WhenInsertTwoElementsAndPopTwoShouldReturnSizeIsZero (0 ms)
[ RUN      ] QueueTest.TestingCtrWithInitializerList
[       OK ] QueueTest.TestingCtrWithInitializerList (0 ms)
[ RUN      ] QueueTest.WhenCopyQueueToAnotherwAndPopAllElementsShouldReturnSizeIsZero
[       OK ] QueueTest.WhenCopyQueueToAnotherwAndPopAllElementsShouldReturnSizeIsZero (0 ms)
[ RUN      ] QueueTest.WhenMoveQueueToAnotherAndCheckingPopElementsShouldReturnSizeIsOne
[       OK ] QueueTest.WhenMoveQueueToAnotherAndCheckingPopElementsShouldReturnSizeIsOne (0 ms)
[ RUN      ] QueueTest.WhenInsertTwoElementsAndNextToCopyQueueToAnotherQueueAndPopOneElementShouldReturnSizeIsOne
[       OK ] QueueTest.WhenInsertTwoElementsAndNextToCopyQueueToAnotherQueueAndPopOneElementShouldReturnSizeIsOne (0 ms)
[ RUN      ] QueueTest.test
[       OK ] QueueTest.test (0 ms)
[----------] 11 tests from QueueTest (0 ms total)

[----------] Global test environment tear-down
[==========] 11 tests from 1 test suite ran. (0 ms total)
[  PASSED  ] 11 tests.
<end of output>
Test time =   0.10 sec
----------------------------------------------------------
Test Passed.
"tests" end time: Jan 02 02:13 CET
"tests" time elapsed: 00:00:00
----------------------------------------------------------

End testing: Jan 02 02:13 CET
